Using pre-set license
Built from '2020.3/staging' branch; Version is '2020.3.33f1 (915a7af8b0d5) revision 9525882'; Using compiler version '192528614'; Build Type 'Release'
OS: 'Windows 11  (10.0.22631) 64bit CoreCountrySpecific' Language: 'zh' Physical Memory: 32492 MB
BatchMode: 1, IsHumanControllingUs: 0, StartBugReporterOnCrash: 0, Is64bit: 1, IsPro: 0

COMMAND LINE ARGUMENTS:
C:\Program Files\Unity 2020.3.33f1\Editor\Unity.exe
-adb2
-batchMode
-noUpm
-name
AssetImportWorker0
-projectPath
D:/UnityProject/AR
-logFile
Logs/AssetImportWorker0.log
-srvPort
62306
Successfully changed project path to: D:/UnityProject/AR
D:/UnityProject/AR
Using Asset Import Pipeline V2.
Refreshing native plugins compatible for Editor in 378.04 ms, found 10 plugins.
Preloading 1 native plugins for Editor in 15.16 ms.
Initialize engine version: 2020.3.33f1 (915a7af8b0d5)
[Subsystems] Discovering subsystems at path C:/Program Files/Unity 2020.3.33f1/Editor/Data/Resources/UnitySubsystems
[Subsystems] Discovering subsystems at path D:/UnityProject/AR/Assets
GfxDevice: creating device client; threaded=0
Direct3D:
    Version:  Direct3D 11.0 [level 11.1]
    Renderer: NVIDIA GeForce RTX 4070 Ti (ID=0x2782)
    Vendor:   
    VRAM:     12010 MB
    Driver:   31.0.15.3770
Initialize mono
Mono path[0] = 'C:/Program Files/Unity 2020.3.33f1/Editor/Data/Managed'
Mono path[1] = 'C:/Program Files/Unity 2020.3.33f1/Editor/Data/MonoBleedingEdge/lib/mono/unityjit'
Mono config path = 'C:/Program Files/Unity 2020.3.33f1/Editor/Data/MonoBleedingEdge/etc'
Using monoOptions --debugger-agent=transport=dt_socket,embedding=1,server=y,suspend=n,address=127.0.0.1:56836
Begin MonoManager ReloadAssembly
Registering precompiled unity dll's ...
Register platform support module: C:/Program Files/Unity 2020.3.33f1/Editor/Data/PlaybackEngines/WebGLSupport/UnityEditor.WebGL.Extensions.dll
Register platform support module: C:/Program Files/Unity 2020.3.33f1/Editor/Data/PlaybackEngines/WindowsStandaloneSupport/UnityEditor.WindowsStandalone.Extensions.dll
Registered in 0.001726 seconds.
Native extension for WindowsStandalone target not found
Native extension for WebGL target not found
Refreshing native plugins compatible for Editor in 26.41 ms, found 10 plugins.
Preloading 1 native plugins for Editor in 0.04 ms.
Mono: successfully reloaded assembly
- Completed reload, in  0.325 seconds
Domain Reload Profiling:
	ReloadAssembly (325ms)
		BeginReloadAssembly (40ms)
			ExecutionOrderSort (0ms)
			DisableScriptedObjects (0ms)
			BackupInstance (0ms)
			ReleaseScriptingObjects (0ms)
			CreateAndSetChildDomain (0ms)
		EndReloadAssembly (244ms)
			LoadAssemblies (39ms)
			RebuildTransferFunctionScriptingTraits (0ms)
			SetupTypeCache (72ms)
			ReleaseScriptCaches (0ms)
			RebuildScriptCaches (12ms)
			SetupLoadedEditorAssemblies (101ms)
				LogAssemblyErrors (0ms)
				InitializePlatformSupportModulesInManaged (3ms)
				SetLoadedEditorAssemblies (0ms)
				RefreshPlugins (27ms)
				BeforeProcessingInitializeOnLoad (9ms)
				ProcessInitializeOnLoadAttributes (41ms)
				ProcessInitializeOnLoadMethodAttributes (22ms)
				AfterProcessingInitializeOnLoad (0ms)
				EditorAssembliesLoaded (0ms)
			ExecutionOrderSort2 (0ms)
			AwakeInstancesAfterBackupRestoration (0ms)
Platform modules already initialized, skipping
Registering precompiled user dll's ...
Registered in 0.109170 seconds.
Begin MonoManager ReloadAssembly
Symbol file LoadedFromMemory doesn't match image D:\UnityProject\AR\Library\PackageCache\com.unity.collab-proxy@1.15.15\Lib\Editor\PlasticSCM\unityplastic.dll
Native extension for WindowsStandalone target not found
Native extension for WebGL target not found
Refreshing native plugins compatible for Editor in 24.72 ms, found 10 plugins.
Preloading 1 native plugins for Editor in 0.03 ms.
Mono: successfully reloaded assembly
- Completed reload, in  0.576 seconds
Domain Reload Profiling:
	ReloadAssembly (577ms)
		BeginReloadAssembly (80ms)
			ExecutionOrderSort (0ms)
			DisableScriptedObjects (2ms)
			BackupInstance (0ms)
			ReleaseScriptingObjects (0ms)
			CreateAndSetChildDomain (11ms)
		EndReloadAssembly (463ms)
			LoadAssemblies (60ms)
			RebuildTransferFunctionScriptingTraits (0ms)
			SetupTypeCache (147ms)
			ReleaseScriptCaches (0ms)
			RebuildScriptCaches (23ms)
			SetupLoadedEditorAssemblies (180ms)
				LogAssemblyErrors (0ms)
				InitializePlatformSupportModulesInManaged (2ms)
				SetLoadedEditorAssemblies (0ms)
				RefreshPlugins (25ms)
				BeforeProcessingInitializeOnLoad (51ms)
				ProcessInitializeOnLoadAttributes (92ms)
				ProcessInitializeOnLoadMethodAttributes (5ms)
				AfterProcessingInitializeOnLoad (5ms)
				EditorAssembliesLoaded (0ms)
			ExecutionOrderSort2 (0ms)
			AwakeInstancesAfterBackupRestoration (3ms)
Platform modules already initialized, skipping
========================================================================
Worker process is ready to serve import requests
Launched and connected shader compiler UnityShaderCompiler.exe after 0.03 seconds
Refreshing native plugins compatible for Editor in 0.40 ms, found 10 plugins.
Preloading 1 native plugins for Editor in 0.04 ms.
Unloading 2420 Unused Serialized files (Serialized files now loaded: 0)
System memory in use before: 97.0 MB.
System memory in use after: 97.2 MB.

Unloading 19 unused Assets to reduce memory usage. Loaded Objects now: 2855.
Total: 2.057300 ms (FindLiveObjects: 0.096200 ms CreateObjectMapping: 0.029900 ms MarkObjects: 1.879600 ms  DeleteObjects: 0.051000 ms)

AssetImportParameters requested are different than current active one (requested -> active):
  custom:framework-win-MediaFoundation: 216162199b28c13a410421893ffa2e32 -> 
  custom:video-decoder-ogg-theora: a1e56fd34408186e4bbccfd4996cb3dc -> 
  custom:container-muxer-webm: aa71ff27fc2769a1b78a27578f13a17b -> 
  custom:container-demuxer-webm: 4f35f7cbe854078d1ac9338744f61a02 -> 
  custom:container-demuxer-ogg: 62fdf1f143b41e24485cea50d1cbac27 -> 
  custom:video-encoder-webm-vp8: eb34c28f22e8b96e1ab97ce403110664 -> 
  custom:video-codec-MediaFoundation-h265: 746d11721c4dcdbdad8f713fa42b33f4 -> 
  custom:video-decoder-webm-vp8: 9c59270c3fd7afecdb556c50c9e8de78 -> 
  custom:audio-decoder-ogg-vorbis: bf7c407c2cedff20999df2af8eb42d56 -> 
  custom:audio-encoder-webm-vorbis: bf7c407c2cedff20999df2af8eb42d56 -> 
========================================================================
Received Import Request.
  path: Assets/ExampleAssets/Scenes/SampleScene.unity
  artifactKey: Guid(9fc0d4010bbf28b4594072e72b8655ab) Importer(815301076,1909f56bfc062723c751e8b465ee728b)
Start importing Assets/ExampleAssets/Scenes/SampleScene.unity using Guid(9fc0d4010bbf28b4594072e72b8655ab) Importer(815301076,1909f56bfc062723c751e8b465ee728b)  -> (artifact id: '9c1c62b16d7215c9942a93b77fc8ebc7') in 0.013517 seconds 
========================================================================
Received Prepare
Refreshing native plugins compatible for Editor in 1.20 ms, found 10 plugins.
Preloading 1 native plugins for Editor in 0.03 ms.
Unloading 11 Unused Serialized files (Serialized files now loaded: 0)
System memory in use before: 48.1 MB.
System memory in use after: 48.3 MB.

Unloading 11 unused Assets to reduce memory usage. Loaded Objects now: 2855.
Total: 1.683000 ms (FindLiveObjects: 0.095600 ms CreateObjectMapping: 0.028400 ms MarkObjects: 1.536900 ms  DeleteObjects: 0.021800 ms)

AssetImportParameters requested are different than current active one (requested -> active):
  custom:framework-win-MediaFoundation: 216162199b28c13a410421893ffa2e32 -> 
  custom:video-decoder-ogg-theora: a1e56fd34408186e4bbccfd4996cb3dc -> 
  custom:container-muxer-webm: aa71ff27fc2769a1b78a27578f13a17b -> 
  custom:container-demuxer-webm: 4f35f7cbe854078d1ac9338744f61a02 -> 
  custom:container-demuxer-ogg: 62fdf1f143b41e24485cea50d1cbac27 -> 
  custom:video-encoder-webm-vp8: eb34c28f22e8b96e1ab97ce403110664 -> 
  custom:video-codec-MediaFoundation-h265: 746d11721c4dcdbdad8f713fa42b33f4 -> 
  custom:video-decoder-webm-vp8: 9c59270c3fd7afecdb556c50c9e8de78 -> 
  custom:audio-decoder-ogg-vorbis: bf7c407c2cedff20999df2af8eb42d56 -> 
  custom:audio-encoder-webm-vorbis: bf7c407c2cedff20999df2af8eb42d56 -> 
========================================================================
Received Import Request.
  Time since last request: 49.508428 seconds.
  path: Assets/Samples/AR Foundation Remote/2.0.38-release.0/Examples
  artifactKey: Guid(737ac0adede07a246b705ca1edf5e76a) Importer(815301076,1909f56bfc062723c751e8b465ee728b)
Start importing Assets/Samples/AR Foundation Remote/2.0.38-release.0/Examples using Guid(737ac0adede07a246b705ca1edf5e76a) Importer(815301076,1909f56bfc062723c751e8b465ee728b)  -> (artifact id: '448a8767d03ce73fe3226d891a5f531f') in 0.014277 seconds 
========================================================================
Received Prepare
Registering precompiled user dll's ...
Registered in 0.002052 seconds.
Begin MonoManager ReloadAssembly
Symbol file LoadedFromMemory doesn't match image D:\UnityProject\AR\Library\PackageCache\com.unity.collab-proxy@1.15.15\Lib\Editor\PlasticSCM\unityplastic.dll
Native extension for WindowsStandalone target not found
Native extension for WebGL target not found
Refreshing native plugins compatible for Editor in 0.41 ms, found 10 plugins.
Preloading 1 native plugins for Editor in 0.04 ms.
Mono: successfully reloaded assembly
- Completed reload, in  0.517 seconds
Domain Reload Profiling:
	ReloadAssembly (518ms)
		BeginReloadAssembly (71ms)
			ExecutionOrderSort (0ms)
			DisableScriptedObjects (2ms)
			BackupInstance (0ms)
			ReleaseScriptingObjects (0ms)
			CreateAndSetChildDomain (19ms)
		EndReloadAssembly (413ms)
			LoadAssemblies (57ms)
			RebuildTransferFunctionScriptingTraits (0ms)
			SetupTypeCache (141ms)
			ReleaseScriptCaches (1ms)
			RebuildScriptCaches (18ms)
			SetupLoadedEditorAssemblies (157ms)
				LogAssemblyErrors (0ms)
				InitializePlatformSupportModulesInManaged (3ms)
				SetLoadedEditorAssemblies (0ms)
				RefreshPlugins (0ms)
				BeforeProcessingInitializeOnLoad (50ms)
				ProcessInitializeOnLoadAttributes (94ms)
				ProcessInitializeOnLoadMethodAttributes (4ms)
				AfterProcessingInitializeOnLoad (5ms)
				EditorAssembliesLoaded (0ms)
			ExecutionOrderSort2 (0ms)
			AwakeInstancesAfterBackupRestoration (3ms)
Platform modules already initialized, skipping
Switching build target platform(19) subTarget(0) extendedPlatform(0) -> platform(13) subTarget(589824) extendedPlatform(0)
Refreshing native plugins compatible for Editor in 0.44 ms, found 10 plugins.
Preloading 1 native plugins for Editor in 0.04 ms.
Unloading 2410 Unused Serialized files (Serialized files now loaded: 0)
System memory in use before: 96.9 MB.
System memory in use after: 97.1 MB.

Unloading 14 unused Assets to reduce memory usage. Loaded Objects now: 2890.
Total: 1.873000 ms (FindLiveObjects: 0.153200 ms CreateObjectMapping: 0.038800 ms MarkObjects: 1.649300 ms  DeleteObjects: 0.031000 ms)

AssetImportParameters requested are different than current active one (requested -> active):
  custom:framework-win-MediaFoundation: 216162199b28c13a410421893ffa2e32 -> 
  custom:video-decoder-ogg-theora: a1e56fd34408186e4bbccfd4996cb3dc -> 
  custom:container-muxer-webm: aa71ff27fc2769a1b78a27578f13a17b -> 
  custom:container-demuxer-webm: 4f35f7cbe854078d1ac9338744f61a02 -> 
  custom:container-demuxer-ogg: 62fdf1f143b41e24485cea50d1cbac27 -> 
  custom:video-encoder-webm-vp8: eb34c28f22e8b96e1ab97ce403110664 -> 
  custom:video-codec-MediaFoundation-h265: 746d11721c4dcdbdad8f713fa42b33f4 -> 
  custom:video-decoder-webm-vp8: 9c59270c3fd7afecdb556c50c9e8de78 -> 
  custom:graphics/normal-map-encoding: 01000000000000000000000000000000 -> 02000000000000000000000000000000
  custom:audio-decoder-ogg-vorbis: bf7c407c2cedff20999df2af8eb42d56 -> 
  custom:audio-encoder-webm-vorbis: bf7c407c2cedff20999df2af8eb42d56 -> 
========================================================================
Received Import Request.
  Time since last request: 13.886093 seconds.
  path: Assets/Samples/AR Foundation Remote/2.0.38-release.0/Examples/FaceMeshExample.unity
  artifactKey: Guid(4b4973e4887f242f8b292fb0144bf55b) Importer(815301076,1909f56bfc062723c751e8b465ee728b)
Start importing Assets/Samples/AR Foundation Remote/2.0.38-release.0/Examples/FaceMeshExample.unity using Guid(4b4973e4887f242f8b292fb0144bf55b) Importer(815301076,1909f56bfc062723c751e8b465ee728b)  -> (artifact id: 'f5a0c0cc67d17e1c6d8e95298eac6776') in 0.008158 seconds 
========================================================================
Received Import Request.
  Time since last request: 37.440154 seconds.
  path: Assets/Samples/AR Foundation Remote/2.0.38-release.0/Examples/SwitchBetweenPlaneAndFaceTracking.unity
  artifactKey: Guid(c86ab4a55a7664d2a8b555b58879f961) Importer(815301076,1909f56bfc062723c751e8b465ee728b)
Start importing Assets/Samples/AR Foundation Remote/2.0.38-release.0/Examples/SwitchBetweenPlaneAndFaceTracking.unity using Guid(c86ab4a55a7664d2a8b555b58879f961) Importer(815301076,1909f56bfc062723c751e8b465ee728b)  -> (artifact id: '360f70b965f5712c4ef113dc0a667d95') in 0.006777 seconds 
========================================================================
Received Import Request.
  Time since last request: 2.734504 seconds.
  path: Assets/Samples/AR Foundation Remote/2.0.38-release.0/Examples/MeshingExample.unity
  artifactKey: Guid(6bc0ec61d98974f10b6011e00ce64d7d) Importer(815301076,1909f56bfc062723c751e8b465ee728b)
Start importing Assets/Samples/AR Foundation Remote/2.0.38-release.0/Examples/MeshingExample.unity using Guid(6bc0ec61d98974f10b6011e00ce64d7d) Importer(815301076,1909f56bfc062723c751e8b465ee728b)  -> (artifact id: 'd229d440cd893f64dc6324fe83badfd3') in 0.008332 seconds 
========================================================================
Received Import Request.
  Time since last request: 3.423676 seconds.
  path: Assets/Samples/AR Foundation Remote/2.0.38-release.0/Examples/CpuImagesExample.unity
  artifactKey: Guid(5d9efc1489e0e47679866a79481fbf39) Importer(815301076,1909f56bfc062723c751e8b465ee728b)
Start importing Assets/Samples/AR Foundation Remote/2.0.38-release.0/Examples/CpuImagesExample.unity using Guid(5d9efc1489e0e47679866a79481fbf39) Importer(815301076,1909f56bfc062723c751e8b465ee728b)  -> (artifact id: '9dff5abbb97e1dc65eaf729cf45dc574') in 0.011942 seconds 
========================================================================
Received Import Request.
  Time since last request: 14.779667 seconds.
  path: Assets/Samples/AR Foundation Remote/2.0.38-release.0/Examples/CompassExample.unity
  artifactKey: Guid(8454fc26794f74cc790329403d94b0bf) Importer(815301076,1909f56bfc062723c751e8b465ee728b)
Start importing Assets/Samples/AR Foundation Remote/2.0.38-release.0/Examples/CompassExample.unity using Guid(8454fc26794f74cc790329403d94b0bf) Importer(815301076,1909f56bfc062723c751e8b465ee728b)  -> (artifact id: 'a9b7bf6f1a509293f1b0d07bcafe0519') in 0.006518 seconds 
========================================================================
Received Import Request.
  Time since last request: 20.651558 seconds.
  path: Assets/Samples/AR Foundation Remote/2.0.38-release.0/Examples/EnvironmentOcclusionExample.unity
  artifactKey: Guid(0b132891b0a4d40198d543dd2049da44) Importer(815301076,1909f56bfc062723c751e8b465ee728b)
Start importing Assets/Samples/AR Foundation Remote/2.0.38-release.0/Examples/EnvironmentOcclusionExample.unity using Guid(0b132891b0a4d40198d543dd2049da44) Importer(815301076,1909f56bfc062723c751e8b465ee728b)  -> (artifact id: 'bd518b5c7f447d7acd340ce8f5e2d121') in 0.007019 seconds 
========================================================================
Received Import Request.
  Time since last request: 20.556200 seconds.
  path: Assets/Samples/AR Foundation Remote/2.0.38-release.0/Examples/GyroscopeExample.unity
  artifactKey: Guid(74558a4b26afb4f13ac63933905b59d0) Importer(815301076,1909f56bfc062723c751e8b465ee728b)
Start importing Assets/Samples/AR Foundation Remote/2.0.38-release.0/Examples/GyroscopeExample.unity using Guid(74558a4b26afb4f13ac63933905b59d0) Importer(815301076,1909f56bfc062723c751e8b465ee728b)  -> (artifact id: '05e84f732991f924c2b6f46c26511ea9') in 0.006250 seconds 
========================================================================
Received Import Request.
  Time since last request: 14.951877 seconds.
  path: Assets/Samples/AR Foundation Remote/2.0.38-release.0/Examples/LocationServicesExample.unity
  artifactKey: Guid(b6497af2a17da4a7295704d7e9b6cbff) Importer(815301076,1909f56bfc062723c751e8b465ee728b)
Start importing Assets/Samples/AR Foundation Remote/2.0.38-release.0/Examples/LocationServicesExample.unity using Guid(b6497af2a17da4a7295704d7e9b6cbff) Importer(815301076,1909f56bfc062723c751e8b465ee728b)  -> (artifact id: '3fe40dad94d135ca5f08ba844a035609') in 0.006755 seconds 
========================================================================
Received Import Request.
  Time since last request: 15.794626 seconds.
  path: Assets/Samples/AR Foundation Remote/2.0.38-release.0/Examples/PlaneAndCloudPointsExample.unity
  artifactKey: Guid(2a782d4427ff24838a7d2cfe1d40afe1) Importer(815301076,1909f56bfc062723c751e8b465ee728b)
Start importing Assets/Samples/AR Foundation Remote/2.0.38-release.0/Examples/PlaneAndCloudPointsExample.unity using Guid(2a782d4427ff24838a7d2cfe1d40afe1) Importer(815301076,1909f56bfc062723c751e8b465ee728b)  -> (artifact id: '0d8eba3496c021420005e0ff63567bf6') in 0.007302 seconds 
========================================================================
Received Prepare
Registering precompiled user dll's ...
Registered in 0.002292 seconds.
Begin MonoManager ReloadAssembly
Symbol file LoadedFromMemory doesn't match image D:\UnityProject\AR\Library\PackageCache\com.unity.collab-proxy@1.15.15\Lib\Editor\PlasticSCM\unityplastic.dll
Native extension for WindowsStandalone target not found
Native extension for WebGL target not found
Refreshing native plugins compatible for Editor in 0.44 ms, found 10 plugins.
Preloading 1 native plugins for Editor in 0.04 ms.
Mono: successfully reloaded assembly
- Completed reload, in  0.539 seconds
Domain Reload Profiling:
	ReloadAssembly (539ms)
		BeginReloadAssembly (89ms)
			ExecutionOrderSort (0ms)
			DisableScriptedObjects (2ms)
			BackupInstance (0ms)
			ReleaseScriptingObjects (0ms)
			CreateAndSetChildDomain (31ms)
		EndReloadAssembly (416ms)
			LoadAssemblies (63ms)
			RebuildTransferFunctionScriptingTraits (0ms)
			SetupTypeCache (142ms)
			ReleaseScriptCaches (1ms)
			RebuildScriptCaches (19ms)
			SetupLoadedEditorAssemblies (155ms)
				LogAssemblyErrors (0ms)
				InitializePlatformSupportModulesInManaged (3ms)
				SetLoadedEditorAssemblies (0ms)
				RefreshPlugins (1ms)
				BeforeProcessingInitializeOnLoad (48ms)
				ProcessInitializeOnLoadAttributes (94ms)
				ProcessInitializeOnLoadMethodAttributes (4ms)
				AfterProcessingInitializeOnLoad (5ms)
				EditorAssembliesLoaded (0ms)
			ExecutionOrderSort2 (0ms)
			AwakeInstancesAfterBackupRestoration (3ms)
Platform modules already initialized, skipping
Switching build target platform(19) subTarget(0) extendedPlatform(0) -> platform(13) subTarget(589824) extendedPlatform(0)
Refreshing native plugins compatible for Editor in 0.42 ms, found 10 plugins.
Preloading 1 native plugins for Editor in 0.03 ms.
Unloading 2410 Unused Serialized files (Serialized files now loaded: 0)
System memory in use before: 97.0 MB.
System memory in use after: 97.2 MB.

Unloading 15 unused Assets to reduce memory usage. Loaded Objects now: 2893.
Total: 1.671300 ms (FindLiveObjects: 0.099300 ms CreateObjectMapping: 0.037100 ms MarkObjects: 1.502800 ms  DeleteObjects: 0.031600 ms)

AssetImportParameters requested are different than current active one (requested -> active):
  custom:framework-win-MediaFoundation: 216162199b28c13a410421893ffa2e32 -> 
  custom:video-decoder-ogg-theora: a1e56fd34408186e4bbccfd4996cb3dc -> 
  custom:container-muxer-webm: aa71ff27fc2769a1b78a27578f13a17b -> 
  custom:container-demuxer-webm: 4f35f7cbe854078d1ac9338744f61a02 -> 
  custom:container-demuxer-ogg: 62fdf1f143b41e24485cea50d1cbac27 -> 
  custom:video-encoder-webm-vp8: eb34c28f22e8b96e1ab97ce403110664 -> 
  custom:video-codec-MediaFoundation-h265: 746d11721c4dcdbdad8f713fa42b33f4 -> 
  custom:video-decoder-webm-vp8: 9c59270c3fd7afecdb556c50c9e8de78 -> 
  custom:graphics/normal-map-encoding: 01000000000000000000000000000000 -> 02000000000000000000000000000000
  custom:audio-decoder-ogg-vorbis: bf7c407c2cedff20999df2af8eb42d56 -> 
  custom:audio-encoder-webm-vorbis: bf7c407c2cedff20999df2af8eb42d56 -> 
AssetImportWorkerClient::OnTransportError - code=2 error=End of file
